17-06-2018 21:52:56.758 [main] ERROR o.s.b.l.LoggingApplicationListener.setLogLevel - Cannot set level: info		 for 'null'
17-06-2018 21:52:56.919 [main] INFO  o.u.u.t.SpringBootSampleDataJpaH2ApplicationTests.logStarting - Starting SpringBootSampleDataJpaH2ApplicationTests on GH-5MJZFH2 with PID 36844 (C:\Users\E076166\git\spring-boot-sample-data-jpa-h2-master\spring-boot-sample-data-jpa-h2-master\target\test-classes started by e076166 in C:\Users\E076166\git\spring-boot-sample-data-jpa-h2-master\spring-boot-sample-data-jpa-h2-master)
17-06-2018 21:52:56.921 [main] INFO  o.u.u.t.SpringBootSampleDataJpaH2ApplicationTests.logStartupProfileInfo - No active profile set, falling back to default profiles: default
17-06-2018 21:52:57.725 [main] INFO  o.s.w.c.s.GenericWebApplicationContext.prepareRefresh - Refreshing org.springframework.web.context.support.GenericWebApplicationContext@67c27493: startup date [Sun Jun 17 21:52:57 IST 2018]; root of context hierarchy
17-06-2018 21:53:00.497 [main] INFO  o.s.b.f.s.DefaultListableBeanFactory.registerBeanDefinition - Overriding bean definition for bean 'beanNameViewResolver' with a different definition: replacing [Root bean: class [null]; scope=; abstract=false; lazyInit=false; autowireMode=3; dependencyCheck=0; autowireCandidate=true; primary=false; factoryBeanName=org.springframework.boot.autoconfigure.web.ErrorMvcAutoConfiguration$WhitelabelErrorViewConfiguration; factoryMethodName=beanNameViewResolver; initMethodName=null; destroyMethodName=(inferred); defined in class path resource [org/springframework/boot/autoconfigure/web/ErrorMvcAutoConfiguration$WhitelabelErrorViewConfiguration.class]] with [Root bean: class [null]; scope=; abstract=false; lazyInit=false; autowireMode=3; dependencyCheck=0; autowireCandidate=true; primary=false; factoryBeanName=org.springframework.boot.autoconfigure.web.WebMvcAutoConfiguration$WebMvcAutoConfigurationAdapter; factoryMethodName=beanNameViewResolver; initMethodName=null; destroyMethodName=(inferred); defined in class path resource [org/springframework/boot/autoconfigure/web/WebMvcAutoConfiguration$WebMvcAutoConfigurationAdapter.class]]
17-06-2018 21:53:01.210 [main] INFO  o.s.c.s.PostProcessorRegistrationDelegate$BeanPostProcessorChecker.postProcessAfterInitialization - Bean 'org.springframework.transaction.annotation.ProxyTransactionManagementConfiguration' of type [class org.springframework.transaction.annotation.ProxyTransactionManagementConfiguration$$EnhancerBySpringCGLIB$$7846e306] is not eligible for getting processed by all BeanPostProcessors (for example: not eligible for auto-proxying)
17-06-2018 21:53:02.179 [main] INFO  o.s.o.j.LocalContainerEntityManagerFactoryBean.createNativeEntityManagerFactory - Building JPA container EntityManagerFactory for persistence unit 'default'
17-06-2018 21:53:02.274 [main] INFO  o.h.jpa.internal.util.LogHelper.logPersistenceUnitInformation - HHH000204: Processing PersistenceUnitInfo [
	name: default
	...]
17-06-2018 21:53:02.523 [main] INFO  org.hibernate.Version.logVersion - HHH000412: Hibernate Core {4.3.11.Final}
17-06-2018 21:53:02.528 [main] INFO  org.hibernate.cfg.Environment.<clinit> - HHH000206: hibernate.properties not found
17-06-2018 21:53:02.532 [main] INFO  org.hibernate.cfg.Environment.buildBytecodeProvider - HHH000021: Bytecode provider name : javassist
17-06-2018 21:53:02.892 [main] INFO  o.h.annotations.common.Version.<clinit> - HCANN000001: Hibernate Commons Annotations {4.0.5.Final}
17-06-2018 21:53:03.244 [main] INFO  org.hibernate.dialect.Dialect.<init> - HHH000400: Using dialect: org.hibernate.dialect.H2Dialect
17-06-2018 21:53:03.385 [main] INFO  o.h.h.i.a.ASTQueryTranslatorFactory.<init> - HHH000397: Using ASTQueryTranslatorFactory
17-06-2018 21:53:04.043 [main] INFO  o.h.tool.hbm2ddl.SchemaExport.execute - HHH000227: Running hbm2ddl schema export
17-06-2018 21:53:04.048 [main] INFO  o.h.tool.hbm2ddl.SchemaExport.execute - HHH000230: Schema export complete
17-06-2018 21:53:05.395 [main] INFO  o.s.w.s.m.m.a.RequestMappingHandlerAdapter.initControllerAdviceCache - Looking for @ControllerAdvice: org.springframework.web.context.support.GenericWebApplicationContext@67c27493: startup date [Sun Jun 17 21:52:57 IST 2018]; root of context hierarchy
17-06-2018 21:53:05.586 [main] INFO  o.s.w.s.m.m.a.RequestMappingHandlerMapping.register - Mapped "{[/error]}" onto public org.springframework.http.ResponseEntity<java.util.Map<java.lang.String, java.lang.Object>> org.springframework.boot.autoconfigure.web.BasicErrorController.error(javax.servlet.http.HttpServletRequest)
17-06-2018 21:53:05.590 [main] INFO  o.s.w.s.m.m.a.RequestMappingHandlerMapping.register - Mapped "{[/error],produces=[text/html]}" onto public org.springframework.web.servlet.ModelAndView org.springframework.boot.autoconfigure.web.BasicErrorController.errorHtml(javax.servlet.http.HttpServletRequest,javax.servlet.http.HttpServletResponse)
17-06-2018 21:53:05.656 [main] INFO  o.s.w.s.h.SimpleUrlHandlerMapping.registerHandler - Mapped URL path [/webjars/**] onto handler of type [class org.springframework.web.servlet.resource.ResourceHttpRequestHandler]
17-06-2018 21:53:05.657 [main] INFO  o.s.w.s.h.SimpleUrlHandlerMapping.registerHandler - Mapped URL path [/**] onto handler of type [class org.springframework.web.servlet.resource.ResourceHttpRequestHandler]
17-06-2018 21:53:05.729 [main] INFO  o.s.w.s.h.SimpleUrlHandlerMapping.registerHandler - Mapped URL path [/**/favicon.ico] onto handler of type [class org.springframework.web.servlet.resource.ResourceHttpRequestHandler]
17-06-2018 21:53:06.989 [main] INFO  o.u.u.t.SpringBootSampleDataJpaH2ApplicationTests.logStarted - Started SpringBootSampleDataJpaH2ApplicationTests in 11.306 seconds (JVM running for 14.727)
17-06-2018 21:53:07.034 [Thread-2] INFO  o.s.w.c.s.GenericWebApplicationContext.doClose - Closing org.springframework.web.context.support.GenericWebApplicationContext@67c27493: startup date [Sun Jun 17 21:52:57 IST 2018]; root of context hierarchy
17-06-2018 21:53:07.108 [Thread-2] INFO  o.s.o.j.LocalContainerEntityManagerFactoryBean.destroy - Closing JPA EntityManagerFactory for persistence unit 'default'
17-06-2018 21:53:07.114 [Thread-2] INFO  o.h.tool.hbm2ddl.SchemaExport.execute - HHH000227: Running hbm2ddl schema export
17-06-2018 21:53:07.123 [Thread-2] INFO  o.h.tool.hbm2ddl.SchemaExport.execute - HHH000230: Schema export complete
